\BOOKMARK [0][-]{chapter*.4}{Introduction}{}% 1
\BOOKMARK [0][-]{chapter.1}{ L'objet du TP }{}% 2
\BOOKMARK [0][-]{chapter.1}{L'objet du TP}{}% 3
\BOOKMARK [1][-]{section.1.1}{Objet Du TP}{chapter.1}% 4
\BOOKMARK [0][-]{chapter.2}{Pr\351sentation Du Syst\350me }{}% 5
\BOOKMARK [0][-]{chapter.2}{Pr\351sentation Du Syst\350me }{}% 6
\BOOKMARK [1][-]{section.2.1}{Le Proc\350de}{chapter.2}% 7
\BOOKMARK [1][-]{section.2.2}{Le Mod\350le Lin\351aris\351 }{chapter.2}% 8
\BOOKMARK [0][-]{chapter.3}{Analyse Et Calcul D\220une Loi De Commande Par Retour D\220\351tat }{}% 9
\BOOKMARK [0][-]{chapter.3}{Analyse Et Calcul D\220une Loi De Commande Par Retour D\220\351tat }{}% 10
\BOOKMARK [1][-]{section.3.1}{Le mod\350le lin\351aris\351 est-il commandable?}{chapter.3}% 11
\BOOKMARK [1][-]{section.3.2}{Calcule Des Valeurs Des Gains K et N Permettant De Remplir L\220ensemble Des Conditions.}{chapter.3}% 12
\BOOKMARK [0][-]{chapter.4}{Implantation De Le Loi De Commande}{}% 13
\BOOKMARK [0][-]{chapter.4}{Implantation De Le Loi De Commande}{}% 14
\BOOKMARK [1][-]{section.4.1}{Calcul D\220un Observateur Minimal Identit\351}{chapter.4}% 15
\BOOKMARK [2][-]{subsection.4.1.1}{Le mod\350le lin\351aris\351 est-il observable ?}{section.4.1}% 16
\BOOKMARK [2][-]{subsection.4.1.2}{Calcul Du Nouveau Observateur identit\351 }{section.4.1}% 17
\BOOKMARK [2][-]{subsection.4.1.3}{Insertion Dans Notre Sch\351ma Simulink l\220observateur sous la forme d\220un bloc State-Space.}{section.4.1}% 18
\BOOKMARK [2][-]{subsection.4.1.4}{\311tude en boucle fermer }{section.4.1}% 19
\BOOKMARK [2][-]{subsection.4.1.5}{R\351alisation Du Bouclage D\351termin\351 Pr\351c\351demment En Utilisant les \351tats estim\351s \(cf. figure 4.1\).}{section.4.1}% 20
\BOOKMARK [2][-]{subsection.4.1.6}{\311valuation De L\220influence des Conditions Initiales}{section.4.1}% 21
\BOOKMARK [2][-]{subsection.4.1.7}{Tracer Des 3 courbes}{section.4.1}% 22
\BOOKMARK [1][-]{section.4.2}{Bruit Sur La Sortie Mesur\351e}{chapter.4}% 23
\BOOKMARK [2][-]{subsection.4.2.1}{Que constate-t-on sur la sortie du syst\350me et sur les \351tats estim\351s pour le sch\351ma pour le sch\351ma de commande pr\351c\351dent?}{section.4.2}% 24
\BOOKMARK [2][-]{subsection.4.2.2}{Que constate-t-on sur la sortie du syst\350me et sur les \351tats estim\351s pour le sch\351ma pour le sch\351ma de commande pr\351c\351dent?}{section.4.2}% 25
\BOOKMARK [1][-]{section.4.3}{Expliquez le ph\351nom\350ne observ\351 lors des deux derni\350res questions en vous basant sur une analyse fr\351quen-tielle des observateurs.}{chapter.4}% 26
\BOOKMARK [0][-]{chapter*.11}{Conclusion}{}% 27
\BOOKMARK [0][-]{section*.12}{Annexes}{}% 28
